---
  0 debug pnpm:scope: 
    selected: 1
    workspacePrefix: null
  1 debug pnpm: 
    isCaseSensitive: true
    store: "/mnt/f/.pnpm-store/2"
  2 debug pnpm:package-json: 
    initial: 
      name: "fireflight"
      version: "0.1.0"
      private: true
      dependencies: 
        axios: "^0.19.0"
        node-sass: "^4.12.0"
        react: "^16.9.0"
        react-dom: "^16.9.0"
        react-loader-spinner: "^3.1.2"
        react-router-dom: "^5.0.1"
        react-scripts: "3.1.1"
        styled-components: "^4.3.2"
      scripts: 
        start: "react-scripts start"
        build: "react-scripts build"
        test: "react-scripts test"
        eject: "react-scripts eject"
      eslintConfig: 
        extends: "react-app"
      browserslist: 
        production: 
          - ">0.2%"
          - "not dead"
          - "not op_mini all"
        development: 
          - "last 1 chrome version"
          - "last 1 firefox version"
          - "last 1 safari version"
    prefix: "/mnt/f/Projects/FireFlight/frontend/fireflight"
  3 debug pnpm:stage: 
    prefix: "/mnt/f/Projects/FireFlight/frontend/fireflight"
    stage: "resolution_started"
  4 debug pnpm:_dependency_resolved: 
    resolution: "registry.npmjs.org/eslint-plugin-import/2.18.2"
    wanted: 
      name: "eslint-plugin-import"
      rawSpec: "eslint-plugin-import"
  5 debug pnpm:progress: 
    packageId: "registry.npmjs.org/eslint-plugin-import/2.18.2"
    requester: "/mnt/f/Projects/FireFlight/frontend/fireflight"
    status: "resolved"
  6 debug pnpm:_dependency_resolved: 
    resolution: "registry.npmjs.org/doctrine/1.5.0"
    wanted: 
      dependentId: "registry.npmjs.org/eslint-plugin-import/2.18.2"
      name: "doctrine"
      rawSpec: "doctrine@1.5.0"
  7 debug pnpm:progress: 
    packageId: "registry.npmjs.org/doctrine/1.5.0"
    requester: "/mnt/f/Projects/FireFlight/frontend/fireflight"
    status: "resolved"
  8 debug pnpm:_dependency_resolved: 
    resolution: "registry.npmjs.org/array-includes/3.0.3"
    wanted: 
      dependentId: "registry.npmjs.org/eslint-plugin-import/2.18.2"
      name: "array-includes"
      rawSpec: "array-includes@^3.0.3"
  9 debug pnpm:progress: 
    packageId: "registry.npmjs.org/array-includes/3.0.3"
    requester: "/mnt/f/Projects/FireFlight/frontend/fireflight"
    status: "resolved"
  10 debug pnpm:progress: 
    packageId: "registry.npmjs.org/eslint-plugin-import/2.18.2"
    requester: "/mnt/f/Projects/FireFlight/frontend/fireflight"
    status: "found_in_store"
  11 debug pnpm:progress: 
    packageId: "registry.npmjs.org/doctrine/1.5.0"
    requester: "/mnt/f/Projects/FireFlight/frontend/fireflight"
    status: "found_in_store"
  12 debug pnpm:_dependency_resolved: 
    resolution: "registry.npmjs.org/define-properties/1.1.3"
    wanted: 
      dependentId: "registry.npmjs.org/array-includes/3.0.3"
      name: "define-properties"
      rawSpec: "define-properties@^1.1.2"
  13 debug pnpm:progress: 
    packageId: "registry.npmjs.org/define-properties/1.1.3"
    requester: "/mnt/f/Projects/FireFlight/frontend/fireflight"
    status: "resolved"
  14 debug pnpm:progress: 
    packageId: "registry.npmjs.org/array-includes/3.0.3"
    requester: "/mnt/f/Projects/FireFlight/frontend/fireflight"
    status: "found_in_store"
  15 debug pnpm:_dependency_resolved: 
    resolution: "registry.npmjs.org/contains-path/0.1.0"
    wanted: 
      dependentId: "registry.npmjs.org/eslint-plugin-import/2.18.2"
      name: "contains-path"
      rawSpec: "contains-path@^0.1.0"
  16 debug pnpm:progress: 
    packageId: "registry.npmjs.org/contains-path/0.1.0"
    requester: "/mnt/f/Projects/FireFlight/frontend/fireflight"
    status: "resolved"
  17 debug pnpm:_dependency_resolved: 
    resolution: "registry.npmjs.org/debug/2.6.9"
    wanted: 
      dependentId: "registry.npmjs.org/eslint-plugin-import/2.18.2"
      name: "debug"
      rawSpec: "debug@^2.6.9"
  18 debug pnpm:progress: 
    packageId: "registry.npmjs.org/debug/2.6.9"
    requester: "/mnt/f/Projects/FireFlight/frontend/fireflight"
    status: "resolved"
  19 debug pnpm:_dependency_resolved: 
    resolution: "registry.npmjs.org/object-keys/1.1.1"
    wanted: 
      dependentId: "registry.npmjs.org/define-properties/1.1.3"
      name: "object-keys"
      rawSpec: "object-keys@^1.0.12"
  20 debug pnpm:progress: 
    packageId: "registry.npmjs.org/object-keys/1.1.1"
    requester: "/mnt/f/Projects/FireFlight/frontend/fireflight"
    status: "resolved"
  21 debug pnpm:progress: 
    packageId: "registry.npmjs.org/define-properties/1.1.3"
    requester: "/mnt/f/Projects/FireFlight/frontend/fireflight"
    status: "found_in_store"
  22 debug pnpm:_dependency_resolved: 
    resolution: "registry.npmjs.org/ms/2.0.0"
    wanted: 
      dependentId: "registry.npmjs.org/debug/2.6.9"
      name: "ms"
      rawSpec: "ms@2.0.0"
  23 debug pnpm:progress: 
    packageId: "registry.npmjs.org/ms/2.0.0"
    requester: "/mnt/f/Projects/FireFlight/frontend/fireflight"
    status: "resolved"
  24 debug pnpm:progress: 
    packageId: "registry.npmjs.org/contains-path/0.1.0"
    requester: "/mnt/f/Projects/FireFlight/frontend/fireflight"
    status: "found_in_store"
  25 debug pnpm:progress: 
    packageId: "registry.npmjs.org/debug/2.6.9"
    requester: "/mnt/f/Projects/FireFlight/frontend/fireflight"
    status: "found_in_store"
  26 debug pnpm:progress: 
    packageId: "registry.npmjs.org/object-keys/1.1.1"
    requester: "/mnt/f/Projects/FireFlight/frontend/fireflight"
    status: "found_in_store"
  27 debug pnpm:_dependency_resolved: 
    resolution: "registry.npmjs.org/eslint-module-utils/2.4.1"
    wanted: 
      dependentId: "registry.npmjs.org/eslint-plugin-import/2.18.2"
      name: "eslint-module-utils"
      rawSpec: "eslint-module-utils@^2.4.0"
  28 debug pnpm:progress: 
    packageId: "registry.npmjs.org/eslint-module-utils/2.4.1"
    requester: "/mnt/f/Projects/FireFlight/frontend/fireflight"
    status: "resolved"
  29 debug pnpm:_dependency_resolved: 
    resolution: "registry.npmjs.org/debug/2.6.9"
    wanted: 
      dependentId: "registry.npmjs.org/eslint-module-utils/2.4.1"
      name: "debug"
      rawSpec: "debug@^2.6.8"
  30 debug pnpm:_dependency_resolved: 
    resolution: "registry.npmjs.org/eslint-import-resolver-node/0.3.2"
    wanted: 
      dependentId: "registry.npmjs.org/eslint-plugin-import/2.18.2"
      name: "eslint-import-resolver-node"
      rawSpec: "eslint-import-resolver-node@^0.3.2"
  31 debug pnpm:progress: 
    packageId: "registry.npmjs.org/eslint-import-resolver-node/0.3.2"
    requester: "/mnt/f/Projects/FireFlight/frontend/fireflight"
    status: "resolved"
  32 debug pnpm:_dependency_resolved: 
    resolution: "registry.npmjs.org/debug/2.6.9"
    wanted: 
      dependentId: "registry.npmjs.org/eslint-import-resolver-node/0.3.2"
      name: "debug"
      rawSpec: "debug@^2.6.9"
  33 debug pnpm:_dependency_resolved: 
    resolution: "registry.npmjs.org/has/1.0.3"
    wanted: 
      dependentId: "registry.npmjs.org/eslint-plugin-import/2.18.2"
      name: "has"
      rawSpec: "has@^1.0.3"
  34 debug pnpm:progress: 
    packageId: "registry.npmjs.org/has/1.0.3"
    requester: "/mnt/f/Projects/FireFlight/frontend/fireflight"
    status: "resolved"
  35 debug pnpm:progress: 
    packageId: "registry.npmjs.org/ms/2.0.0"
    requester: "/mnt/f/Projects/FireFlight/frontend/fireflight"
    status: "found_in_store"
  36 debug pnpm:_dependency_resolved: 
    resolution: "registry.npmjs.org/minimatch/3.0.4"
    wanted: 
      dependentId: "registry.npmjs.org/eslint-plugin-import/2.18.2"
      name: "minimatch"
      rawSpec: "minimatch@^3.0.4"
  37 debug pnpm:progress: 
    packageId: "registry.npmjs.org/minimatch/3.0.4"
    requester: "/mnt/f/Projects/FireFlight/frontend/fireflight"
    status: "resolved"
  38 debug pnpm:_dependency_resolved: 
    resolution: "registry.npmjs.org/resolve/1.12.0"
    wanted: 
      dependentId: "registry.npmjs.org/eslint-import-resolver-node/0.3.2"
      name: "resolve"
      rawSpec: "resolve@^1.5.0"
  39 debug pnpm:progress: 
    packageId: "registry.npmjs.org/resolve/1.12.0"
    requester: "/mnt/f/Projects/FireFlight/frontend/fireflight"
    status: "resolved"
  40 debug pnpm:_dependency_resolved: 
    resolution: "registry.npmjs.org/object.values/1.1.0"
    wanted: 
      dependentId: "registry.npmjs.org/eslint-plugin-import/2.18.2"
      name: "object.values"
      rawSpec: "object.values@^1.1.0"
  41 debug pnpm:progress: 
    packageId: "registry.npmjs.org/object.values/1.1.0"
    requester: "/mnt/f/Projects/FireFlight/frontend/fireflight"
    status: "resolved"
  42 debug pnpm:_dependency_resolved: 
    resolution: "registry.npmjs.org/define-properties/1.1.3"
    wanted: 
      dependentId: "registry.npmjs.org/object.values/1.1.0"
      name: "define-properties"
      rawSpec: "define-properties@^1.1.3"
  43 debug pnpm:_dependency_resolved: 
    resolution: "registry.npmjs.org/has/1.0.3"
    wanted: 
      dependentId: "registry.npmjs.org/object.values/1.1.0"
      name: "has"
      rawSpec: "has@^1.0.3"
  44 debug pnpm:_dependency_resolved: 
    resolution: "registry.npmjs.org/pkg-dir/2.0.0"
    wanted: 
      dependentId: "registry.npmjs.org/eslint-module-utils/2.4.1"
      name: "pkg-dir"
      rawSpec: "pkg-dir@^2.0.0"
  45 debug pnpm:progress: 
    packageId: "registry.npmjs.org/pkg-dir/2.0.0"
    requester: "/mnt/f/Projects/FireFlight/frontend/fireflight"
    status: "resolved"
  46 debug pnpm:_dependency_resolved: 
    resolution: "registry.npmjs.org/brace-expansion/1.1.11"
    wanted: 
      dependentId: "registry.npmjs.org/minimatch/3.0.4"
      name: "brace-expansion"
      rawSpec: "brace-expansion@^1.1.7"
  47 debug pnpm:progress: 
    packageId: "registry.npmjs.org/brace-expansion/1.1.11"
    requester: "/mnt/f/Projects/FireFlight/frontend/fireflight"
    status: "resolved"
  48 debug pnpm:_dependency_resolved: 
    resolution: "registry.npmjs.org/resolve/1.12.0"
    wanted: 
      dependentId: "registry.npmjs.org/eslint-plugin-import/2.18.2"
      name: "resolve"
      rawSpec: "resolve@^1.11.0"
  49 debug pnpm:_dependency_resolved: 
    resolution: "registry.npmjs.org/concat-map/0.0.1"
    wanted: 
      dependentId: "registry.npmjs.org/brace-expansion/1.1.11"
      name: "concat-map"
      rawSpec: "concat-map@0.0.1"
  50 debug pnpm:progress: 
    packageId: "registry.npmjs.org/concat-map/0.0.1"
    requester: "/mnt/f/Projects/FireFlight/frontend/fireflight"
    status: "resolved"
  51 debug pnpm:_dependency_resolved: 
    resolution: "registry.npmjs.org/function-bind/1.1.1"
    wanted: 
      dependentId: "registry.npmjs.org/has/1.0.3"
      name: "function-bind"
      rawSpec: "function-bind@^1.1.1"
  52 debug pnpm:progress: 
    packageId: "registry.npmjs.org/function-bind/1.1.1"
    requester: "/mnt/f/Projects/FireFlight/frontend/fireflight"
    status: "resolved"
  53 debug pnpm:_dependency_resolved: 
    resolution: "registry.npmjs.org/find-up/2.1.0"
    wanted: 
      dependentId: "registry.npmjs.org/pkg-dir/2.0.0"
      name: "find-up"
      rawSpec: "find-up@^2.1.0"
  54 debug pnpm:progress: 
    packageId: "registry.npmjs.org/find-up/2.1.0"
    requester: "/mnt/f/Projects/FireFlight/frontend/fireflight"
    status: "resolved"
  55 debug pnpm:_dependency_resolved: 
    resolution: "registry.npmjs.org/function-bind/1.1.1"
    wanted: 
      dependentId: "registry.npmjs.org/object.values/1.1.0"
      name: "function-bind"
      rawSpec: "function-bind@^1.1.1"
  56 debug pnpm:_dependency_resolved: 
    resolution: "registry.npmjs.org/read-pkg-up/2.0.0"
    wanted: 
      dependentId: "registry.npmjs.org/eslint-plugin-import/2.18.2"
      name: "read-pkg-up"
      rawSpec: "read-pkg-up@^2.0.0"
  57 debug pnpm:progress: 
    packageId: "registry.npmjs.org/read-pkg-up/2.0.0"
    requester: "/mnt/f/Projects/FireFlight/frontend/fireflight"
    status: "resolved"
  58 debug pnpm:_dependency_resolved: 
    resolution: "registry.npmjs.org/find-up/2.1.0"
    wanted: 
      dependentId: "registry.npmjs.org/read-pkg-up/2.0.0"
      name: "find-up"
      rawSpec: "find-up@^2.0.0"
  59 debug pnpm:_dependency_resolved: 
    resolution: "registry.npmjs.org/path-parse/1.0.6"
    wanted: 
      dependentId: "registry.npmjs.org/resolve/1.12.0"
      name: "path-parse"
      rawSpec: "path-parse@^1.0.6"
  60 debug pnpm:progress: 
    packageId: "registry.npmjs.org/path-parse/1.0.6"
    requester: "/mnt/f/Projects/FireFlight/frontend/fireflight"
    status: "resolved"
  61 debug pnpm:_dependency_resolved: 
    resolution: "registry.npmjs.org/es-abstract/1.13.0"
    wanted: 
      dependentId: "registry.npmjs.org/object.values/1.1.0"
      name: "es-abstract"
      rawSpec: "es-abstract@^1.12.0"
  62 debug pnpm:progress: 
    packageId: "registry.npmjs.org/es-abstract/1.13.0"
    requester: "/mnt/f/Projects/FireFlight/frontend/fireflight"
    status: "resolved"
  63 debug pnpm:_dependency_resolved: 
    resolution: "registry.npmjs.org/function-bind/1.1.1"
    wanted: 
      dependentId: "registry.npmjs.org/es-abstract/1.13.0"
      name: "function-bind"
      rawSpec: "function-bind@^1.1.1"
  64 debug pnpm:_dependency_resolved: 
    resolution: "registry.npmjs.org/has/1.0.3"
    wanted: 
      dependentId: "registry.npmjs.org/es-abstract/1.13.0"
      name: "has"
      rawSpec: "has@^1.0.3"
  65 debug pnpm:_dependency_resolved: 
    resolution: "registry.npmjs.org/object-keys/1.1.1"
    wanted: 
      dependentId: "registry.npmjs.org/es-abstract/1.13.0"
      name: "object-keys"
      rawSpec: "object-keys@^1.0.12"
  66 debug pnpm:_dependency_resolved: 
    resolution: "registry.npmjs.org/balanced-match/1.0.0"
    wanted: 
      dependentId: "registry.npmjs.org/brace-expansion/1.1.11"
      name: "balanced-match"
      rawSpec: "balanced-match@^1.0.0"
  67 debug pnpm:progress: 
    packageId: "registry.npmjs.org/balanced-match/1.0.0"
    requester: "/mnt/f/Projects/FireFlight/frontend/fireflight"
    status: "resolved"
  68 debug pnpm:_dependency_resolved: 
    resolution: "registry.npmjs.org/esutils/2.0.3"
    wanted: 
      dependentId: "registry.npmjs.org/doctrine/1.5.0"
      name: "esutils"
      rawSpec: "esutils@^2.0.2"
  69 debug pnpm:progress: 
    packageId: "registry.npmjs.org/esutils/2.0.3"
    requester: "/mnt/f/Projects/FireFlight/frontend/fireflight"
    status: "resolved"
  70 debug pnpm:_dependency_resolved: 
    resolution: "registry.npmjs.org/isarray/1.0.0"
    wanted: 
      dependentId: "registry.npmjs.org/doctrine/1.5.0"
      name: "isarray"
      rawSpec: "isarray@^1.0.0"
  71 debug pnpm:progress: 
    packageId: "registry.npmjs.org/isarray/1.0.0"
    requester: "/mnt/f/Projects/FireFlight/frontend/fireflight"
    status: "resolved"
  72 debug pnpm:_dependency_resolved: 
    resolution: "registry.npmjs.org/es-abstract/1.13.0"
    wanted: 
      dependentId: "registry.npmjs.org/array-includes/3.0.3"
      name: "es-abstract"
      rawSpec: "es-abstract@^1.7.0"
  73 debug pnpm:progress: 
    packageId: "registry.npmjs.org/eslint-module-utils/2.4.1"
    requester: "/mnt/f/Projects/FireFlight/frontend/fireflight"
    status: "found_in_store"
  74 debug pnpm:progress: 
    packageId: "registry.npmjs.org/eslint-import-resolver-node/0.3.2"
    requester: "/mnt/f/Projects/FireFlight/frontend/fireflight"
    status: "found_in_store"
  75 debug pnpm:progress: 
    packageId: "registry.npmjs.org/has/1.0.3"
    requester: "/mnt/f/Projects/FireFlight/frontend/fireflight"
    status: "found_in_store"
  76 debug pnpm:_dependency_resolved: 
    resolution: "registry.npmjs.org/locate-path/2.0.0"
    wanted: 
      dependentId: "registry.npmjs.org/find-up/2.1.0"
      name: "locate-path"
      rawSpec: "locate-path@^2.0.0"
  77 debug pnpm:progress: 
    packageId: "registry.npmjs.org/locate-path/2.0.0"
    requester: "/mnt/f/Projects/FireFlight/frontend/fireflight"
    status: "resolved"
  78 debug pnpm:progress: 
    packageId: "registry.npmjs.org/minimatch/3.0.4"
    requester: "/mnt/f/Projects/FireFlight/frontend/fireflight"
    status: "found_in_store"
  79 debug pnpm:progress: 
    packageId: "registry.npmjs.org/object.values/1.1.0"
    requester: "/mnt/f/Projects/FireFlight/frontend/fireflight"
    status: "found_in_store"
  80 debug pnpm:_dependency_resolved: 
    resolution: "registry.npmjs.org/read-pkg/2.0.0"
    wanted: 
      dependentId: "registry.npmjs.org/read-pkg-up/2.0.0"
      name: "read-pkg"
      rawSpec: "read-pkg@^2.0.0"
  81 debug pnpm:progress: 
    packageId: "registry.npmjs.org/read-pkg/2.0.0"
    requester: "/mnt/f/Projects/FireFlight/frontend/fireflight"
    status: "resolved"
  82 debug pnpm:progress: 
    packageId: "registry.npmjs.org/pkg-dir/2.0.0"
    requester: "/mnt/f/Projects/FireFlight/frontend/fireflight"
    status: "found_in_store"
  83 debug pnpm:progress: 
    packageId: "registry.npmjs.org/resolve/1.12.0"
    requester: "/mnt/f/Projects/FireFlight/frontend/fireflight"
    status: "found_in_store"
  84 debug pnpm:_dependency_resolved: 
    resolution: "registry.npmjs.org/is-callable/1.1.4"
    wanted: 
      dependentId: "registry.npmjs.org/es-abstract/1.13.0"
      name: "is-callable"
      rawSpec: "is-callable@^1.1.4"
  85 debug pnpm:progress: 
    packageId: "registry.npmjs.org/is-callable/1.1.4"
    requester: "/mnt/f/Projects/FireFlight/frontend/fireflight"
    status: "resolved"
  86 debug pnpm:_dependency_resolved: 
    resolution: "registry.npmjs.org/es-to-primitive/1.2.0"
    wanted: 
      dependentId: "registry.npmjs.org/es-abstract/1.13.0"
      name: "es-to-primitive"
      rawSpec: "es-to-primitive@^1.2.0"
  87 debug pnpm:progress: 
    packageId: "registry.npmjs.org/es-to-primitive/1.2.0"
    requester: "/mnt/f/Projects/FireFlight/frontend/fireflight"
    status: "resolved"
  88 debug pnpm:_dependency_resolved: 
    resolution: "registry.npmjs.org/is-callable/1.1.4"
    wanted: 
      dependentId: "registry.npmjs.org/es-to-primitive/1.2.0"
      name: "is-callable"
      rawSpec: "is-callable@^1.1.4"
  89 debug pnpm:progress: 
    packageId: "registry.npmjs.org/brace-expansion/1.1.11"
    requester: "/mnt/f/Projects/FireFlight/frontend/fireflight"
    status: "found_in_store"
  90 debug pnpm:_dependency_resolved: 
    resolution: "registry.npmjs.org/is-regex/1.0.4"
    wanted: 
      dependentId: "registry.npmjs.org/es-abstract/1.13.0"
      name: "is-regex"
      rawSpec: "is-regex@^1.0.4"
  91 debug pnpm:progress: 
    packageId: "registry.npmjs.org/is-regex/1.0.4"
    requester: "/mnt/f/Projects/FireFlight/frontend/fireflight"
    status: "resolved"
  92 debug pnpm:_dependency_resolved: 
    resolution: "registry.npmjs.org/has/1.0.3"
    wanted: 
      dependentId: "registry.npmjs.org/is-regex/1.0.4"
      name: "has"
      rawSpec: "has@^1.0.1"
  93 debug pnpm:_dependency_resolved: 
    resolution: "registry.npmjs.org/p-locate/2.0.0"
    wanted: 
      dependentId: "registry.npmjs.org/locate-path/2.0.0"
      name: "p-locate"
      rawSpec: "p-locate@^2.0.0"
  94 debug pnpm:progress: 
    packageId: "registry.npmjs.org/p-locate/2.0.0"
    requester: "/mnt/f/Projects/FireFlight/frontend/fireflight"
    status: "resolved"
  95 debug pnpm:_dependency_resolved: 
    resolution: "registry.npmjs.org/path-exists/3.0.0"
    wanted: 
      dependentId: "registry.npmjs.org/locate-path/2.0.0"
      name: "path-exists"
      rawSpec: "path-exists@^3.0.0"
  96 debug pnpm:progress: 
    packageId: "registry.npmjs.org/path-exists/3.0.0"
    requester: "/mnt/f/Projects/FireFlight/frontend/fireflight"
    status: "resolved"
  97 debug pnpm:_dependency_resolved: 
    resolution: "registry.npmjs.org/normalize-package-data/2.5.0"
    wanted: 
      dependentId: "registry.npmjs.org/read-pkg/2.0.0"
      name: "normalize-package-data"
      rawSpec: "normalize-package-data@^2.3.2"
  98 debug pnpm:progress: 
    packageId: "registry.npmjs.org/normalize-package-data/2.5.0"
    requester: "/mnt/f/Projects/FireFlight/frontend/fireflight"
    status: "resolved"
  99 debug pnpm:_dependency_resolved: 
    resolution: "registry.npmjs.org/resolve/1.12.0"
    wanted: 
      dependentId: "registry.npmjs.org/normalize-package-data/2.5.0"
      name: "resolve"
      rawSpec: "resolve@^1.10.0"
  100 debug pnpm:_dependency_resolved: 
    resolution: "registry.npmjs.org/load-json-file/2.0.0"
    wanted: 
      dependentId: "registry.npmjs.org/read-pkg/2.0.0"
      name: "load-json-file"
      rawSpec: "load-json-file@^2.0.0"
  101 debug pnpm:progress: 
    packageId: "registry.npmjs.org/load-json-file/2.0.0"
    requester: "/mnt/f/Projects/FireFlight/frontend/fireflight"
    status: "resolved"
  102 debug pnpm:_dependency_resolved: 
    resolution: "registry.npmjs.org/path-type/2.0.0"
    wanted: 
      dependentId: "registry.npmjs.org/read-pkg/2.0.0"
      name: "path-type"
      rawSpec: "path-type@^2.0.0"
  103 debug pnpm:progress: 
    packageId: "registry.npmjs.org/path-type/2.0.0"
    requester: "/mnt/f/Projects/FireFlight/frontend/fireflight"
    status: "resolved"
  104 debug pnpm:_dependency_resolved: 
    resolution: "registry.npmjs.org/is-symbol/1.0.2"
    wanted: 
      dependentId: "registry.npmjs.org/es-to-primitive/1.2.0"
      name: "is-symbol"
      rawSpec: "is-symbol@^1.0.2"
  105 debug pnpm:progress: 
    packageId: "registry.npmjs.org/is-symbol/1.0.2"
    requester: "/mnt/f/Projects/FireFlight/frontend/fireflight"
    status: "resolved"
  106 debug pnpm:_dependency_resolved: 
    resolution: "registry.npmjs.org/is-date-object/1.0.1"
    wanted: 
      dependentId: "registry.npmjs.org/es-to-primitive/1.2.0"
      name: "is-date-object"
      rawSpec: "is-date-object@^1.0.1"
  107 debug pnpm:progress: 
    packageId: "registry.npmjs.org/is-date-object/1.0.1"
    requester: "/mnt/f/Projects/FireFlight/frontend/fireflight"
    status: "resolved"
  108 debug pnpm:_dependency_resolved: 
    resolution: "registry.npmjs.org/p-limit/1.3.0"
    wanted: 
      dependentId: "registry.npmjs.org/p-locate/2.0.0"
      name: "p-limit"
      rawSpec: "p-limit@^1.1.0"
  109 debug pnpm:progress: 
    packageId: "registry.npmjs.org/p-limit/1.3.0"
    requester: "/mnt/f/Projects/FireFlight/frontend/fireflight"
    status: "resolved"
  110 debug pnpm:_dependency_resolved: 
    resolution: "registry.npmjs.org/hosted-git-info/2.8.4"
    wanted: 
      dependentId: "registry.npmjs.org/normalize-package-data/2.5.0"
      name: "hosted-git-info"
      rawSpec: "hosted-git-info@^2.1.4"
  111 debug pnpm:progress: 
    packageId: "registry.npmjs.org/hosted-git-info/2.8.4"
    requester: "/mnt/f/Projects/FireFlight/frontend/fireflight"
    status: "resolved"
  112 debug pnpm:_dependency_resolved: 
    resolution: "registry.npmjs.org/validate-npm-package-license/3.0.4"
    wanted: 
      dependentId: "registry.npmjs.org/normalize-package-data/2.5.0"
      name: "validate-npm-package-license"
      rawSpec: "validate-npm-package-license@^3.0.1"
  113 debug pnpm:progress: 
    packageId: "registry.npmjs.org/validate-npm-package-license/3.0.4"
    requester: "/mnt/f/Projects/FireFlight/frontend/fireflight"
    status: "resolved"
  114 debug pnpm:_dependency_resolved: 
    resolution: "registry.npmjs.org/parse-json/2.2.0"
    wanted: 
      dependentId: "registry.npmjs.org/load-json-file/2.0.0"
      name: "parse-json"
      rawSpec: "parse-json@^2.2.0"
  115 debug pnpm:progress: 
    packageId: "registry.npmjs.org/parse-json/2.2.0"
    requester: "/mnt/f/Projects/FireFlight/frontend/fireflight"
    status: "resolved"
  116 debug pnpm:_dependency_resolved: 
    resolution: "registry.npmjs.org/semver/5.7.1"
    wanted: 
      dependentId: "registry.npmjs.org/normalize-package-data/2.5.0"
      name: "semver"
      rawSpec: "semver@2 || 3 || 4 || 5"
  117 debug pnpm:progress: 
    packageId: "registry.npmjs.org/semver/5.7.1"
    requester: "/mnt/f/Projects/FireFlight/frontend/fireflight"
    status: "resolved"
  118 debug pnpm:_dependency_resolved: 
    resolution: "registry.npmjs.org/pify/2.3.0"
    wanted: 
      dependentId: "registry.npmjs.org/path-type/2.0.0"
      name: "pify"
      rawSpec: "pify@^2.0.0"
  119 debug pnpm:progress: 
    packageId: "registry.npmjs.org/pify/2.3.0"
    requester: "/mnt/f/Projects/FireFlight/frontend/fireflight"
    status: "resolved"
  120 debug pnpm:_dependency_resolved: 
    resolution: "registry.npmjs.org/pify/2.3.0"
    wanted: 
      dependentId: "registry.npmjs.org/load-json-file/2.0.0"
      name: "pify"
      rawSpec: "pify@^2.0.0"
  121 debug pnpm:_dependency_resolved: 
    resolution: "registry.npmjs.org/strip-bom/3.0.0"
    wanted: 
      dependentId: "registry.npmjs.org/load-json-file/2.0.0"
      name: "strip-bom"
      rawSpec: "strip-bom@^3.0.0"
  122 debug pnpm:progress: 
    packageId: "registry.npmjs.org/strip-bom/3.0.0"
    requester: "/mnt/f/Projects/FireFlight/frontend/fireflight"
    status: "resolved"
  123 debug pnpm:_dependency_resolved: 
    resolution: "registry.npmjs.org/has-symbols/1.0.0"
    wanted: 
      dependentId: "registry.npmjs.org/is-symbol/1.0.2"
      name: "has-symbols"
      rawSpec: "has-symbols@^1.0.0"
  124 debug pnpm:progress: 
    packageId: "registry.npmjs.org/has-symbols/1.0.0"
    requester: "/mnt/f/Projects/FireFlight/frontend/fireflight"
    status: "resolved"
  125 debug pnpm:_dependency_resolved: 
    resolution: "registry.npmjs.org/p-try/1.0.0"
    wanted: 
      dependentId: "registry.npmjs.org/p-limit/1.3.0"
      name: "p-try"
      rawSpec: "p-try@^1.0.0"
  126 debug pnpm:progress: 
    packageId: "registry.npmjs.org/p-try/1.0.0"
    requester: "/mnt/f/Projects/FireFlight/frontend/fireflight"
    status: "resolved"
  127 debug pnpm:_dependency_resolved: 
    resolution: "registry.npmjs.org/spdx-correct/3.1.0"
    wanted: 
      dependentId: "registry.npmjs.org/validate-npm-package-license/3.0.4"
      name: "spdx-correct"
      rawSpec: "spdx-correct@^3.0.0"
  128 debug pnpm:progress: 
    packageId: "registry.npmjs.org/spdx-correct/3.1.0"
    requester: "/mnt/f/Projects/FireFlight/frontend/fireflight"
    status: "resolved"
  129 debug pnpm:_dependency_resolved: 
    resolution: "registry.npmjs.org/error-ex/1.3.2"
    wanted: 
      dependentId: "registry.npmjs.org/parse-json/2.2.0"
      name: "error-ex"
      rawSpec: "error-ex@^1.2.0"
  130 debug pnpm:progress: 
    packageId: "registry.npmjs.org/error-ex/1.3.2"
    requester: "/mnt/f/Projects/FireFlight/frontend/fireflight"
    status: "resolved"
  131 debug pnpm:_dependency_resolved: 
    resolution: "registry.npmjs.org/spdx-expression-parse/3.0.0"
    wanted: 
      dependentId: "registry.npmjs.org/validate-npm-package-license/3.0.4"
      name: "spdx-expression-parse"
      rawSpec: "spdx-expression-parse@^3.0.0"
  132 debug pnpm:progress: 
    packageId: "registry.npmjs.org/spdx-expression-parse/3.0.0"
    requester: "/mnt/f/Projects/FireFlight/frontend/fireflight"
    status: "resolved"
  133 debug pnpm:_dependency_resolved: 
    resolution: "registry.npmjs.org/spdx-expression-parse/3.0.0"
    wanted: 
      dependentId: "registry.npmjs.org/spdx-correct/3.1.0"
      name: "spdx-expression-parse"
      rawSpec: "spdx-expression-parse@^3.0.0"
  134 debug pnpm:_dependency_resolved: 
    resolution: "registry.npmjs.org/spdx-exceptions/2.2.0"
    wanted: 
      dependentId: "registry.npmjs.org/spdx-expression-parse/3.0.0"
      name: "spdx-exceptions"
      rawSpec: "spdx-exceptions@^2.1.0"
  135 debug pnpm:progress: 
    packageId: "registry.npmjs.org/spdx-exceptions/2.2.0"
    requester: "/mnt/f/Projects/FireFlight/frontend/fireflight"
    status: "resolved"
  136 debug pnpm:_dependency_resolved: 
    resolution: "registry.npmjs.org/is-arrayish/0.2.1"
    wanted: 
      dependentId: "registry.npmjs.org/error-ex/1.3.2"
      name: "is-arrayish"
      rawSpec: "is-arrayish@^0.2.1"
  137 debug pnpm:progress: 
    packageId: "registry.npmjs.org/is-arrayish/0.2.1"
    requester: "/mnt/f/Projects/FireFlight/frontend/fireflight"
    status: "resolved"
  138 debug pnpm:_dependency_resolved: 
    resolution: "registry.npmjs.org/spdx-license-ids/3.0.5"
    wanted: 
      dependentId: "registry.npmjs.org/spdx-expression-parse/3.0.0"
      name: "spdx-license-ids"
      rawSpec: "spdx-license-ids@^3.0.0"
  139 debug pnpm:progress: 
    packageId: "registry.npmjs.org/spdx-license-ids/3.0.5"
    requester: "/mnt/f/Projects/FireFlight/frontend/fireflight"
    status: "resolved"
  140 debug pnpm:_dependency_resolved: 
    resolution: "registry.npmjs.org/spdx-license-ids/3.0.5"
    wanted: 
      dependentId: "registry.npmjs.org/spdx-correct/3.1.0"
      name: "spdx-license-ids"
      rawSpec: "spdx-license-ids@^3.0.0"
  141 debug pnpm:progress: 
    packageId: "registry.npmjs.org/concat-map/0.0.1"
    requester: "/mnt/f/Projects/FireFlight/frontend/fireflight"
    status: "found_in_store"
  142 debug pnpm:progress: 
    packageId: "registry.npmjs.org/function-bind/1.1.1"
    requester: "/mnt/f/Projects/FireFlight/frontend/fireflight"
    status: "found_in_store"
  143 debug pnpm:progress: 
    packageId: "registry.npmjs.org/read-pkg-up/2.0.0"
    requester: "/mnt/f/Projects/FireFlight/frontend/fireflight"
    status: "found_in_store"
  144 debug pnpm:progress: 
    packageId: "registry.npmjs.org/find-up/2.1.0"
    requester: "/mnt/f/Projects/FireFlight/frontend/fireflight"
    status: "found_in_store"
  145 debug pnpm:progress: 
    packageId: "registry.npmjs.org/balanced-match/1.0.0"
    requester: "/mnt/f/Projects/FireFlight/frontend/fireflight"
    status: "found_in_store"
  146 debug pnpm:progress: 
    packageId: "registry.npmjs.org/path-parse/1.0.6"
    requester: "/mnt/f/Projects/FireFlight/frontend/fireflight"
    status: "found_in_store"
  147 debug pnpm:progress: 
    packageId: "registry.npmjs.org/esutils/2.0.3"
    requester: "/mnt/f/Projects/FireFlight/frontend/fireflight"
    status: "found_in_store"
  148 debug pnpm:progress: 
    packageId: "registry.npmjs.org/es-abstract/1.13.0"
    requester: "/mnt/f/Projects/FireFlight/frontend/fireflight"
    status: "found_in_store"
  149 debug pnpm:progress: 
    packageId: "registry.npmjs.org/isarray/1.0.0"
    requester: "/mnt/f/Projects/FireFlight/frontend/fireflight"
    status: "found_in_store"
  150 debug pnpm:progress: 
    packageId: "registry.npmjs.org/locate-path/2.0.0"
    requester: "/mnt/f/Projects/FireFlight/frontend/fireflight"
    status: "found_in_store"
  151 debug pnpm:_dependency_resolved: 
    resolution: "registry.npmjs.org/graceful-fs/4.2.2"
    wanted: 
      dependentId: "registry.npmjs.org/load-json-file/2.0.0"
      name: "graceful-fs"
      rawSpec: "graceful-fs@^4.1.2"
  152 debug pnpm:progress: 
    packageId: "registry.npmjs.org/graceful-fs/4.2.2"
    requester: "/mnt/f/Projects/FireFlight/frontend/fireflight"
    status: "resolved"
  153 debug pnpm:stage: 
    prefix: "/mnt/f/Projects/FireFlight/frontend/fireflight"
    stage: "resolution_done"
  154 debug pnpm:package-json: 
    prefix: "/mnt/f/Projects/FireFlight/frontend/fireflight"
    updated: 
      name: "fireflight"
      version: "0.1.0"
      private: true
      dependencies: 
        axios: "^0.19.0"
        node-sass: "^4.12.0"
        react: "^16.9.0"
        react-dom: "^16.9.0"
        react-loader-spinner: "^3.1.2"
        react-router-dom: "^5.0.1"
        react-scripts: "3.1.1"
        styled-components: "^4.3.2"
      scripts: 
        start: "react-scripts start"
        build: "react-scripts build"
        test: "react-scripts test"
        eject: "react-scripts eject"
      eslintConfig: 
        extends: "react-app"
      browserslist: 
        production: 
          - ">0.2%"
          - "not dead"
          - "not op_mini all"
        development: 
          - "last 1 chrome version"
          - "last 1 firefox version"
          - "last 1 safari version"
      devDependencies: 
        eslint-plugin-import: "^2.18.2"
  155 debug pnpm:progress: 
    packageId: "registry.npmjs.org/read-pkg/2.0.0"
    requester: "/mnt/f/Projects/FireFlight/frontend/fireflight"
    status: "found_in_store"
  156 debug pnpm:progress: 
    packageId: "registry.npmjs.org/is-callable/1.1.4"
    requester: "/mnt/f/Projects/FireFlight/frontend/fireflight"
    status: "found_in_store"
  157 debug pnpm:progress: 
    packageId: "registry.npmjs.org/es-to-primitive/1.2.0"
    requester: "/mnt/f/Projects/FireFlight/frontend/fireflight"
    status: "found_in_store"
  158 debug pnpm:progress: 
    packageId: "registry.npmjs.org/is-regex/1.0.4"
    requester: "/mnt/f/Projects/FireFlight/frontend/fireflight"
    status: "found_in_store"
  159 debug pnpm:progress: 
    packageId: "registry.npmjs.org/p-locate/2.0.0"
    requester: "/mnt/f/Projects/FireFlight/frontend/fireflight"
    status: "found_in_store"
  160 debug pnpm:progress: 
    packageId: "registry.npmjs.org/path-exists/3.0.0"
    requester: "/mnt/f/Projects/FireFlight/frontend/fireflight"
    status: "found_in_store"
  161 debug pnpm:progress: 
    packageId: "registry.npmjs.org/normalize-package-data/2.5.0"
    requester: "/mnt/f/Projects/FireFlight/frontend/fireflight"
    status: "found_in_store"
  162 debug pnpm:progress: 
    packageId: "registry.npmjs.org/load-json-file/2.0.0"
    requester: "/mnt/f/Projects/FireFlight/frontend/fireflight"
    status: "found_in_store"
  163 debug pnpm:progress: 
    packageId: "registry.npmjs.org/path-type/2.0.0"
    requester: "/mnt/f/Projects/FireFlight/frontend/fireflight"
    status: "found_in_store"
  164 debug pnpm:progress: 
    packageId: "registry.npmjs.org/is-symbol/1.0.2"
    requester: "/mnt/f/Projects/FireFlight/frontend/fireflight"
    status: "found_in_store"
  165 debug pnpm:progress: 
    packageId: "registry.npmjs.org/is-date-object/1.0.1"
    requester: "/mnt/f/Projects/FireFlight/frontend/fireflight"
    status: "found_in_store"
  166 debug pnpm:progress: 
    packageId: "registry.npmjs.org/p-limit/1.3.0"
    requester: "/mnt/f/Projects/FireFlight/frontend/fireflight"
    status: "found_in_store"
  167 debug pnpm:progress: 
    packageId: "registry.npmjs.org/hosted-git-info/2.8.4"
    requester: "/mnt/f/Projects/FireFlight/frontend/fireflight"
    status: "found_in_store"
  168 debug pnpm:progress: 
    packageId: "registry.npmjs.org/validate-npm-package-license/3.0.4"
    requester: "/mnt/f/Projects/FireFlight/frontend/fireflight"
    status: "found_in_store"
  169 debug pnpm:progress: 
    packageId: "registry.npmjs.org/parse-json/2.2.0"
    requester: "/mnt/f/Projects/FireFlight/frontend/fireflight"
    status: "found_in_store"
  170 debug pnpm:progress: 
    packageId: "registry.npmjs.org/semver/5.7.1"
    requester: "/mnt/f/Projects/FireFlight/frontend/fireflight"
    status: "found_in_store"
  171 debug pnpm:progress: 
    packageId: "registry.npmjs.org/pify/2.3.0"
    requester: "/mnt/f/Projects/FireFlight/frontend/fireflight"
    status: "found_in_store"
  172 debug pnpm:progress: 
    packageId: "registry.npmjs.org/strip-bom/3.0.0"
    requester: "/mnt/f/Projects/FireFlight/frontend/fireflight"
    status: "found_in_store"
  173 debug pnpm:progress: 
    packageId: "registry.npmjs.org/has-symbols/1.0.0"
    requester: "/mnt/f/Projects/FireFlight/frontend/fireflight"
    status: "found_in_store"
  174 debug pnpm:progress: 
    packageId: "registry.npmjs.org/p-try/1.0.0"
    requester: "/mnt/f/Projects/FireFlight/frontend/fireflight"
    status: "found_in_store"
  175 debug pnpm:progress: 
    packageId: "registry.npmjs.org/spdx-correct/3.1.0"
    requester: "/mnt/f/Projects/FireFlight/frontend/fireflight"
    status: "found_in_store"
  176 debug pnpm:progress: 
    packageId: "registry.npmjs.org/spdx-expression-parse/3.0.0"
    requester: "/mnt/f/Projects/FireFlight/frontend/fireflight"
    status: "found_in_store"
  177 debug pnpm:progress: 
    packageId: "registry.npmjs.org/error-ex/1.3.2"
    requester: "/mnt/f/Projects/FireFlight/frontend/fireflight"
    status: "found_in_store"
  178 debug pnpm:progress: 
    packageId: "registry.npmjs.org/spdx-exceptions/2.2.0"
    requester: "/mnt/f/Projects/FireFlight/frontend/fireflight"
    status: "found_in_store"
  179 debug pnpm:progress: 
    packageId: "registry.npmjs.org/is-arrayish/0.2.1"
    requester: "/mnt/f/Projects/FireFlight/frontend/fireflight"
    status: "found_in_store"
  180 debug pnpm:progress: 
    packageId: "registry.npmjs.org/spdx-license-ids/3.0.5"
    requester: "/mnt/f/Projects/FireFlight/frontend/fireflight"
    status: "found_in_store"
  181 debug pnpm:progress: 
    packageId: "registry.npmjs.org/graceful-fs/4.2.2"
    requester: "/mnt/f/Projects/FireFlight/frontend/fireflight"
    status: "found_in_store"
  182 debug pnpm:stats: 
    prefix: "/mnt/f/Projects/FireFlight/frontend/fireflight"
    removed: 0
  183 debug pnpm:stage: 
    prefix: "/mnt/f/Projects/FireFlight/frontend/fireflight"
    stage: "importing_started"
  184 debug pnpm:stats: 
    added: 53
    prefix: "/mnt/f/Projects/FireFlight/frontend/fireflight"
  185 debug pnpm:link: 
    target: "/mnt/f/Projects/FireFlight/frontend/fireflight/node_modules/.registry.npmjs.org/array-includes/3.0.3/node_modules/array-includes"
    link: "/mnt/f/Projects/FireFlight/frontend/fireflight/node_modules/.registry.npmjs.org/eslint-plugin-import/2.18.2/node_modules/array-includes"
  186 debug pnpm:link: 
    target: "/mnt/f/Projects/FireFlight/frontend/fireflight/node_modules/.registry.npmjs.org/contains-path/0.1.0/node_modules/contains-path"
    link: "/mnt/f/Projects/FireFlight/frontend/fireflight/node_modules/.registry.npmjs.org/eslint-plugin-import/2.18.2/node_modules/contains-path"
  187 debug pnpm:link: 
    target: "/mnt/f/Projects/FireFlight/frontend/fireflight/node_modules/.registry.npmjs.org/debug/2.6.9/node_modules/debug"
    link: "/mnt/f/Projects/FireFlight/frontend/fireflight/node_modules/.registry.npmjs.org/eslint-plugin-import/2.18.2/node_modules/debug"
  188 debug pnpm:link: 
    target: "/mnt/f/Projects/FireFlight/frontend/fireflight/node_modules/.registry.npmjs.org/doctrine/1.5.0/node_modules/doctrine"
    link: "/mnt/f/Projects/FireFlight/frontend/fireflight/node_modules/.registry.npmjs.org/eslint-plugin-import/2.18.2/node_modules/doctrine"
  189 debug pnpm:link: 
    target: "/mnt/f/Projects/FireFlight/frontend/fireflight/node_modules/.registry.npmjs.org/eslint-import-resolver-node/0.3.2/node_modules/eslint-import-resolver-node"
    link: "/mnt/f/Projects/FireFlight/frontend/fireflight/node_modules/.registry.npmjs.org/eslint-plugin-import/2.18.2/node_modules/eslint-import-resolver-node"
  190 debug pnpm:link: 
    target: "/mnt/f/Projects/FireFlight/frontend/fireflight/node_modules/.registry.npmjs.org/eslint-module-utils/2.4.1/node_modules/eslint-module-utils"
    link: "/mnt/f/Projects/FireFlight/frontend/fireflight/node_modules/.registry.npmjs.org/eslint-plugin-import/2.18.2/node_modules/eslint-module-utils"
  191 debug pnpm:link: 
    target: "/mnt/f/Projects/FireFlight/frontend/fireflight/node_modules/.registry.npmjs.org/has/1.0.3/node_modules/has"
    link: "/mnt/f/Projects/FireFlight/frontend/fireflight/node_modules/.registry.npmjs.org/eslint-plugin-import/2.18.2/node_modules/has"
  192 debug pnpm:link: 
    target: "/mnt/f/Projects/FireFlight/frontend/fireflight/node_modules/.registry.npmjs.org/minimatch/3.0.4/node_modules/minimatch"
    link: "/mnt/f/Projects/FireFlight/frontend/fireflight/node_modules/.registry.npmjs.org/eslint-plugin-import/2.18.2/node_modules/minimatch"
  193 debug pnpm:link: 
    target: "/mnt/f/Projects/FireFlight/frontend/fireflight/node_modules/.registry.npmjs.org/object.values/1.1.0/node_modules/object.values"
    link: "/mnt/f/Projects/FireFlight/frontend/fireflight/node_modules/.registry.npmjs.org/eslint-plugin-import/2.18.2/node_modules/object.values"
  194 debug pnpm:link: 
    target: "/mnt/f/Projects/FireFlight/frontend/fireflight/node_modules/.registry.npmjs.org/read-pkg-up/2.0.0/node_modules/read-pkg-up"
    link: "/mnt/f/Projects/FireFlight/frontend/fireflight/node_modules/.registry.npmjs.org/eslint-plugin-import/2.18.2/node_modules/read-pkg-up"
  195 debug pnpm:link: 
    target: "/mnt/f/Projects/FireFlight/frontend/fireflight/node_modules/.registry.npmjs.org/resolve/1.12.0/node_modules/resolve"
    link: "/mnt/f/Projects/FireFlight/frontend/fireflight/node_modules/.registry.npmjs.org/eslint-plugin-import/2.18.2/node_modules/resolve"
  196 debug pnpm:link: 
    target: "/mnt/f/Projects/FireFlight/frontend/fireflight/node_modules/.registry.npmjs.org/define-properties/1.1.3/node_modules/define-properties"
    link: "/mnt/f/Projects/FireFlight/frontend/fireflight/node_modules/.registry.npmjs.org/array-includes/3.0.3/node_modules/define-properties"
  197 debug pnpm:link: 
    target: "/mnt/f/Projects/FireFlight/frontend/fireflight/node_modules/.registry.npmjs.org/es-abstract/1.13.0/node_modules/es-abstract"
    link: "/mnt/f/Projects/FireFlight/frontend/fireflight/node_modules/.registry.npmjs.org/array-includes/3.0.3/node_modules/es-abstract"
  198 debug pnpm:link: 
    target: "/mnt/f/Projects/FireFlight/frontend/fireflight/node_modules/.registry.npmjs.org/object-keys/1.1.1/node_modules/object-keys"
    link: "/mnt/f/Projects/FireFlight/frontend/fireflight/node_modules/.registry.npmjs.org/define-properties/1.1.3/node_modules/object-keys"
  199 debug pnpm:link: 
    target: "/mnt/f/Projects/FireFlight/frontend/fireflight/node_modules/.registry.npmjs.org/es-to-primitive/1.2.0/node_modules/es-to-primitive"
    link: "/mnt/f/Projects/FireFlight/frontend/fireflight/node_modules/.registry.npmjs.org/es-abstract/1.13.0/node_modules/es-to-primitive"
  200 debug pnpm:link: 
    target: "/mnt/f/Projects/FireFlight/frontend/fireflight/node_modules/.registry.npmjs.org/function-bind/1.1.1/node_modules/function-bind"
    link: "/mnt/f/Projects/FireFlight/frontend/fireflight/node_modules/.registry.npmjs.org/es-abstract/1.13.0/node_modules/function-bind"
  201 debug pnpm:link: 
    target: "/mnt/f/Projects/FireFlight/frontend/fireflight/node_modules/.registry.npmjs.org/has/1.0.3/node_modules/has"
    link: "/mnt/f/Projects/FireFlight/frontend/fireflight/node_modules/.registry.npmjs.org/es-abstract/1.13.0/node_modules/has"
  202 debug pnpm:link: 
    target: "/mnt/f/Projects/FireFlight/frontend/fireflight/node_modules/.registry.npmjs.org/is-callable/1.1.4/node_modules/is-callable"
    link: "/mnt/f/Projects/FireFlight/frontend/fireflight/node_modules/.registry.npmjs.org/es-abstract/1.13.0/node_modules/is-callable"
  203 debug pnpm:link: 
    target: "/mnt/f/Projects/FireFlight/frontend/fireflight/node_modules/.registry.npmjs.org/is-regex/1.0.4/node_modules/is-regex"
    link: "/mnt/f/Projects/FireFlight/frontend/fireflight/node_modules/.registry.npmjs.org/es-abstract/1.13.0/node_modules/is-regex"
  204 debug pnpm:link: 
    target: "/mnt/f/Projects/FireFlight/frontend/fireflight/node_modules/.registry.npmjs.org/object-keys/1.1.1/node_modules/object-keys"
    link: "/mnt/f/Projects/FireFlight/frontend/fireflight/node_modules/.registry.npmjs.org/es-abstract/1.13.0/node_modules/object-keys"
  205 debug pnpm:link: 
    target: "/mnt/f/Projects/FireFlight/frontend/fireflight/node_modules/.registry.npmjs.org/is-callable/1.1.4/node_modules/is-callable"
    link: "/mnt/f/Projects/FireFlight/frontend/fireflight/node_modules/.registry.npmjs.org/es-to-primitive/1.2.0/node_modules/is-callable"
  206 debug pnpm:link: 
    target: "/mnt/f/Projects/FireFlight/frontend/fireflight/node_modules/.registry.npmjs.org/is-date-object/1.0.1/node_modules/is-date-object"
    link: "/mnt/f/Projects/FireFlight/frontend/fireflight/node_modules/.registry.npmjs.org/es-to-primitive/1.2.0/node_modules/is-date-object"
  207 debug pnpm:link: 
    target: "/mnt/f/Projects/FireFlight/frontend/fireflight/node_modules/.registry.npmjs.org/is-symbol/1.0.2/node_modules/is-symbol"
    link: "/mnt/f/Projects/FireFlight/frontend/fireflight/node_modules/.registry.npmjs.org/es-to-primitive/1.2.0/node_modules/is-symbol"
  208 debug pnpm:link: 
    target: "/mnt/f/Projects/FireFlight/frontend/fireflight/node_modules/.registry.npmjs.org/has-symbols/1.0.0/node_modules/has-symbols"
    link: "/mnt/f/Projects/FireFlight/frontend/fireflight/node_modules/.registry.npmjs.org/is-symbol/1.0.2/node_modules/has-symbols"
  209 debug pnpm:link: 
    target: "/mnt/f/Projects/FireFlight/frontend/fireflight/node_modules/.registry.npmjs.org/function-bind/1.1.1/node_modules/function-bind"
    link: "/mnt/f/Projects/FireFlight/frontend/fireflight/node_modules/.registry.npmjs.org/has/1.0.3/node_modules/function-bind"
  210 debug pnpm:link: 
    target: "/mnt/f/Projects/FireFlight/frontend/fireflight/node_modules/.registry.npmjs.org/has/1.0.3/node_modules/has"
    link: "/mnt/f/Projects/FireFlight/frontend/fireflight/node_modules/.registry.npmjs.org/is-regex/1.0.4/node_modules/has"
  211 debug pnpm:link: 
    target: "/mnt/f/Projects/FireFlight/frontend/fireflight/node_modules/.registry.npmjs.org/ms/2.0.0/node_modules/ms"
    link: "/mnt/f/Projects/FireFlight/frontend/fireflight/node_modules/.registry.npmjs.org/debug/2.6.9/node_modules/ms"
  212 debug pnpm:link: 
    target: "/mnt/f/Projects/FireFlight/frontend/fireflight/node_modules/.registry.npmjs.org/esutils/2.0.3/node_modules/esutils"
    link: "/mnt/f/Projects/FireFlight/frontend/fireflight/node_modules/.registry.npmjs.org/doctrine/1.5.0/node_modules/esutils"
  213 debug pnpm:link: 
    target: "/mnt/f/Projects/FireFlight/frontend/fireflight/node_modules/.registry.npmjs.org/isarray/1.0.0/node_modules/isarray"
    link: "/mnt/f/Projects/FireFlight/frontend/fireflight/node_modules/.registry.npmjs.org/doctrine/1.5.0/node_modules/isarray"
  214 debug pnpm:link: 
    target: "/mnt/f/Projects/FireFlight/frontend/fireflight/node_modules/.registry.npmjs.org/debug/2.6.9/node_modules/debug"
    link: "/mnt/f/Projects/FireFlight/frontend/fireflight/node_modules/.registry.npmjs.org/eslint-import-resolver-node/0.3.2/node_modules/debug"
  215 debug pnpm:link: 
    target: "/mnt/f/Projects/FireFlight/frontend/fireflight/node_modules/.registry.npmjs.org/resolve/1.12.0/node_modules/resolve"
    link: "/mnt/f/Projects/FireFlight/frontend/fireflight/node_modules/.registry.npmjs.org/eslint-import-resolver-node/0.3.2/node_modules/resolve"
  216 debug pnpm:link: 
    target: "/mnt/f/Projects/FireFlight/frontend/fireflight/node_modules/.registry.npmjs.org/path-parse/1.0.6/node_modules/path-parse"
    link: "/mnt/f/Projects/FireFlight/frontend/fireflight/node_modules/.registry.npmjs.org/resolve/1.12.0/node_modules/path-parse"
  217 debug pnpm:link: 
    target: "/mnt/f/Projects/FireFlight/frontend/fireflight/node_modules/.registry.npmjs.org/debug/2.6.9/node_modules/debug"
    link: "/mnt/f/Projects/FireFlight/frontend/fireflight/node_modules/.registry.npmjs.org/eslint-module-utils/2.4.1/node_modules/debug"
  218 debug pnpm:link: 
    target: "/mnt/f/Projects/FireFlight/frontend/fireflight/node_modules/.registry.npmjs.org/pkg-dir/2.0.0/node_modules/pkg-dir"
    link: "/mnt/f/Projects/FireFlight/frontend/fireflight/node_modules/.registry.npmjs.org/eslint-module-utils/2.4.1/node_modules/pkg-dir"
  219 debug pnpm:link: 
    target: "/mnt/f/Projects/FireFlight/frontend/fireflight/node_modules/.registry.npmjs.org/find-up/2.1.0/node_modules/find-up"
    link: "/mnt/f/Projects/FireFlight/frontend/fireflight/node_modules/.registry.npmjs.org/pkg-dir/2.0.0/node_modules/find-up"
  220 debug pnpm:link: 
    target: "/mnt/f/Projects/FireFlight/frontend/fireflight/node_modules/.registry.npmjs.org/locate-path/2.0.0/node_modules/locate-path"
    link: "/mnt/f/Projects/FireFlight/frontend/fireflight/node_modules/.registry.npmjs.org/find-up/2.1.0/node_modules/locate-path"
  221 debug pnpm:link: 
    target: "/mnt/f/Projects/FireFlight/frontend/fireflight/node_modules/.registry.npmjs.org/p-locate/2.0.0/node_modules/p-locate"
    link: "/mnt/f/Projects/FireFlight/frontend/fireflight/node_modules/.registry.npmjs.org/locate-path/2.0.0/node_modules/p-locate"
  222 debug pnpm:link: 
    target: "/mnt/f/Projects/FireFlight/frontend/fireflight/node_modules/.registry.npmjs.org/path-exists/3.0.0/node_modules/path-exists"
    link: "/mnt/f/Projects/FireFlight/frontend/fireflight/node_modules/.registry.npmjs.org/locate-path/2.0.0/node_modules/path-exists"
  223 debug pnpm:link: 
    target: "/mnt/f/Projects/FireFlight/frontend/fireflight/node_modules/.registry.npmjs.org/p-limit/1.3.0/node_modules/p-limit"
    link: "/mnt/f/Projects/FireFlight/frontend/fireflight/node_modules/.registry.npmjs.org/p-locate/2.0.0/node_modules/p-limit"
  224 debug pnpm:link: 
    target: "/mnt/f/Projects/FireFlight/frontend/fireflight/node_modules/.registry.npmjs.org/p-try/1.0.0/node_modules/p-try"
    link: "/mnt/f/Projects/FireFlight/frontend/fireflight/node_modules/.registry.npmjs.org/p-limit/1.3.0/node_modules/p-try"
  225 debug pnpm:link: 
    target: "/mnt/f/Projects/FireFlight/frontend/fireflight/node_modules/.registry.npmjs.org/brace-expansion/1.1.11/node_modules/brace-expansion"
    link: "/mnt/f/Projects/FireFlight/frontend/fireflight/node_modules/.registry.npmjs.org/minimatch/3.0.4/node_modules/brace-expansion"
  226 debug pnpm:link: 
    target: "/mnt/f/Projects/FireFlight/frontend/fireflight/node_modules/.registry.npmjs.org/balanced-match/1.0.0/node_modules/balanced-match"
    link: "/mnt/f/Projects/FireFlight/frontend/fireflight/node_modules/.registry.npmjs.org/brace-expansion/1.1.11/node_modules/balanced-match"
  227 debug pnpm:link: 
    target: "/mnt/f/Projects/FireFlight/frontend/fireflight/node_modules/.registry.npmjs.org/concat-map/0.0.1/node_modules/concat-map"
    link: "/mnt/f/Projects/FireFlight/frontend/fireflight/node_modules/.registry.npmjs.org/brace-expansion/1.1.11/node_modules/concat-map"
  228 debug pnpm:link: 
    target: "/mnt/f/Projects/FireFlight/frontend/fireflight/node_modules/.registry.npmjs.org/define-properties/1.1.3/node_modules/define-properties"
    link: "/mnt/f/Projects/FireFlight/frontend/fireflight/node_modules/.registry.npmjs.org/object.values/1.1.0/node_modules/define-properties"
  229 debug pnpm:link: 
    target: "/mnt/f/Projects/FireFlight/frontend/fireflight/node_modules/.registry.npmjs.org/es-abstract/1.13.0/node_modules/es-abstract"
    link: "/mnt/f/Projects/FireFlight/frontend/fireflight/node_modules/.registry.npmjs.org/object.values/1.1.0/node_modules/es-abstract"
  230 debug pnpm:link: 
    target: "/mnt/f/Projects/FireFlight/frontend/fireflight/node_modules/.registry.npmjs.org/function-bind/1.1.1/node_modules/function-bind"
    link: "/mnt/f/Projects/FireFlight/frontend/fireflight/node_modules/.registry.npmjs.org/object.values/1.1.0/node_modules/function-bind"
  231 debug pnpm:link: 
    target: "/mnt/f/Projects/FireFlight/frontend/fireflight/node_modules/.registry.npmjs.org/has/1.0.3/node_modules/has"
    link: "/mnt/f/Projects/FireFlight/frontend/fireflight/node_modules/.registry.npmjs.org/object.values/1.1.0/node_modules/has"
  232 debug pnpm:link: 
    target: "/mnt/f/Projects/FireFlight/frontend/fireflight/node_modules/.registry.npmjs.org/find-up/2.1.0/node_modules/find-up"
    link: "/mnt/f/Projects/FireFlight/frontend/fireflight/node_modules/.registry.npmjs.org/read-pkg-up/2.0.0/node_modules/find-up"
  233 debug pnpm:link: 
    target: "/mnt/f/Projects/FireFlight/frontend/fireflight/node_modules/.registry.npmjs.org/read-pkg/2.0.0/node_modules/read-pkg"
    link: "/mnt/f/Projects/FireFlight/frontend/fireflight/node_modules/.registry.npmjs.org/read-pkg-up/2.0.0/node_modules/read-pkg"
  234 debug pnpm:link: 
    target: "/mnt/f/Projects/FireFlight/frontend/fireflight/node_modules/.registry.npmjs.org/load-json-file/2.0.0/node_modules/load-json-file"
    link: "/mnt/f/Projects/FireFlight/frontend/fireflight/node_modules/.registry.npmjs.org/read-pkg/2.0.0/node_modules/load-json-file"
  235 debug pnpm:link: 
    target: "/mnt/f/Projects/FireFlight/frontend/fireflight/node_modules/.registry.npmjs.org/normalize-package-data/2.5.0/node_modules/normalize-package-data"
    link: "/mnt/f/Projects/FireFlight/frontend/fireflight/node_modules/.registry.npmjs.org/read-pkg/2.0.0/node_modules/normalize-package-data"
  236 debug pnpm:link: 
    target: "/mnt/f/Projects/FireFlight/frontend/fireflight/node_modules/.registry.npmjs.org/path-type/2.0.0/node_modules/path-type"
    link: "/mnt/f/Projects/FireFlight/frontend/fireflight/node_modules/.registry.npmjs.org/read-pkg/2.0.0/node_modules/path-type"
  237 debug pnpm:link: 
    target: "/mnt/f/Projects/FireFlight/frontend/fireflight/node_modules/.registry.npmjs.org/graceful-fs/4.2.2/node_modules/graceful-fs"
    link: "/mnt/f/Projects/FireFlight/frontend/fireflight/node_modules/.registry.npmjs.org/load-json-file/2.0.0/node_modules/graceful-fs"
  238 debug pnpm:link: 
    target: "/mnt/f/Projects/FireFlight/frontend/fireflight/node_modules/.registry.npmjs.org/parse-json/2.2.0/node_modules/parse-json"
    link: "/mnt/f/Projects/FireFlight/frontend/fireflight/node_modules/.registry.npmjs.org/load-json-file/2.0.0/node_modules/parse-json"
  239 debug pnpm:link: 
    target: "/mnt/f/Projects/FireFlight/frontend/fireflight/node_modules/.registry.npmjs.org/pify/2.3.0/node_modules/pify"
    link: "/mnt/f/Projects/FireFlight/frontend/fireflight/node_modules/.registry.npmjs.org/load-json-file/2.0.0/node_modules/pify"
  240 debug pnpm:link: 
    target: "/mnt/f/Projects/FireFlight/frontend/fireflight/node_modules/.registry.npmjs.org/strip-bom/3.0.0/node_modules/strip-bom"
    link: "/mnt/f/Projects/FireFlight/frontend/fireflight/node_modules/.registry.npmjs.org/load-json-file/2.0.0/node_modules/strip-bom"
  241 debug pnpm:link: 
    target: "/mnt/f/Projects/FireFlight/frontend/fireflight/node_modules/.registry.npmjs.org/error-ex/1.3.2/node_modules/error-ex"
    link: "/mnt/f/Projects/FireFlight/frontend/fireflight/node_modules/.registry.npmjs.org/parse-json/2.2.0/node_modules/error-ex"
  242 debug pnpm:link: 
    target: "/mnt/f/Projects/FireFlight/frontend/fireflight/node_modules/.registry.npmjs.org/is-arrayish/0.2.1/node_modules/is-arrayish"
    link: "/mnt/f/Projects/FireFlight/frontend/fireflight/node_modules/.registry.npmjs.org/error-ex/1.3.2/node_modules/is-arrayish"
  243 debug pnpm:link: 
    target: "/mnt/f/Projects/FireFlight/frontend/fireflight/node_modules/.registry.npmjs.org/hosted-git-info/2.8.4/node_modules/hosted-git-info"
    link: "/mnt/f/Projects/FireFlight/frontend/fireflight/node_modules/.registry.npmjs.org/normalize-package-data/2.5.0/node_modules/hosted-git-info"
  244 debug pnpm:link: 
    target: "/mnt/f/Projects/FireFlight/frontend/fireflight/node_modules/.registry.npmjs.org/resolve/1.12.0/node_modules/resolve"
    link: "/mnt/f/Projects/FireFlight/frontend/fireflight/node_modules/.registry.npmjs.org/normalize-package-data/2.5.0/node_modules/resolve"
  245 debug pnpm:link: 
    target: "/mnt/f/Projects/FireFlight/frontend/fireflight/node_modules/.registry.npmjs.org/semver/5.7.1/node_modules/semver"
    link: "/mnt/f/Projects/FireFlight/frontend/fireflight/node_modules/.registry.npmjs.org/normalize-package-data/2.5.0/node_modules/semver"
  246 debug pnpm:link: 
    target: "/mnt/f/Projects/FireFlight/frontend/fireflight/node_modules/.registry.npmjs.org/validate-npm-package-license/3.0.4/node_modules/validate-npm-package-license"
    link: "/mnt/f/Projects/FireFlight/frontend/fireflight/node_modules/.registry.npmjs.org/normalize-package-data/2.5.0/node_modules/validate-npm-package-license"
  247 debug pnpm:link: 
    target: "/mnt/f/Projects/FireFlight/frontend/fireflight/node_modules/.registry.npmjs.org/spdx-correct/3.1.0/node_modules/spdx-correct"
    link: "/mnt/f/Projects/FireFlight/frontend/fireflight/node_modules/.registry.npmjs.org/validate-npm-package-license/3.0.4/node_modules/spdx-correct"
  248 debug pnpm:link: 
    target: "/mnt/f/Projects/FireFlight/frontend/fireflight/node_modules/.registry.npmjs.org/spdx-expression-parse/3.0.0/node_modules/spdx-expression-parse"
    link: "/mnt/f/Projects/FireFlight/frontend/fireflight/node_modules/.registry.npmjs.org/validate-npm-package-license/3.0.4/node_modules/spdx-expression-parse"
  249 debug pnpm:link: 
    target: "/mnt/f/Projects/FireFlight/frontend/fireflight/node_modules/.registry.npmjs.org/spdx-expression-parse/3.0.0/node_modules/spdx-expression-parse"
    link: "/mnt/f/Projects/FireFlight/frontend/fireflight/node_modules/.registry.npmjs.org/spdx-correct/3.1.0/node_modules/spdx-expression-parse"
  250 debug pnpm:link: 
    target: "/mnt/f/Projects/FireFlight/frontend/fireflight/node_modules/.registry.npmjs.org/spdx-license-ids/3.0.5/node_modules/spdx-license-ids"
    link: "/mnt/f/Projects/FireFlight/frontend/fireflight/node_modules/.registry.npmjs.org/spdx-correct/3.1.0/node_modules/spdx-license-ids"
  251 debug pnpm:link: 
    target: "/mnt/f/Projects/FireFlight/frontend/fireflight/node_modules/.registry.npmjs.org/spdx-exceptions/2.2.0/node_modules/spdx-exceptions"
    link: "/mnt/f/Projects/FireFlight/frontend/fireflight/node_modules/.registry.npmjs.org/spdx-expression-parse/3.0.0/node_modules/spdx-exceptions"
  252 debug pnpm:link: 
    target: "/mnt/f/Projects/FireFlight/frontend/fireflight/node_modules/.registry.npmjs.org/spdx-license-ids/3.0.5/node_modules/spdx-license-ids"
    link: "/mnt/f/Projects/FireFlight/frontend/fireflight/node_modules/.registry.npmjs.org/spdx-expression-parse/3.0.0/node_modules/spdx-license-ids"
  253 debug pnpm:link: 
    target: "/mnt/f/Projects/FireFlight/frontend/fireflight/node_modules/.registry.npmjs.org/pify/2.3.0/node_modules/pify"
    link: "/mnt/f/Projects/FireFlight/frontend/fireflight/node_modules/.registry.npmjs.org/path-type/2.0.0/node_modules/pify"
  254 debug pnpm:stage: 
    prefix: "/mnt/f/Projects/FireFlight/frontend/fireflight"
    stage: "importing_done"
  255 debug pnpm:link: 
    target: "/mnt/f/Projects/FireFlight/frontend/fireflight/node_modules/.registry.npmjs.org/eslint-plugin-import/2.18.2/node_modules/eslint-plugin-import"
    link: "/mnt/f/Projects/FireFlight/frontend/fireflight/node_modules/eslint-plugin-import"
  256 error pnpm: 
    message: 
      errno: -13
      code: "EACCES"
      syscall: "rename"
      path: "/mnt/f/Projects/FireFlight/frontend/fireflight/node_modules/eslint-plugin-import"
      dest: "/mnt/f/Projects/FireFlight/frontend/fireflight/node_modules/.ignored_eslint-plugin-import"
    err: 
      name: "Error"
      message: "EACCES: permission denied, rename '/mnt/f/Projects/FireFlight/frontend/fireflight/node_modules/eslint-plugin-import' -> '/mnt/f/Projects/FireFlight/frontend/fireflight/node_modules/.ignored_eslint-plugin-import'"
      code: "EACCES"
      stack: "Error: EACCES: permission denied, rename '/mnt/f/Projects/FireFlight/frontend/fireflight/node_modules/eslint-plugin-import' -> '/mnt/f/Projects/FireFlight/frontend/fireflight/node_modules/.ignored_eslint-plugin-import'"
